<?xml version="1.0" encoding="UTF-8" ?>
<testsuite failures="0" time="1.702" errors="0" skipped="0" tests="57" name="TestSuite">
  <properties>
    <property name="java.runtime.name" value="Java(TM) SE Runtime Environment"/>
    <property name="sun.boot.library.path" value="C:\Program Files (x86)\Java\jdk1.7.0_17\jre\bin"/>
    <property name="java.vm.version" value="23.7-b01"/>
    <property name="java.vm.vendor" value="Oracle Corporation"/>
    <property name="java.vendor.url" value="http://java.oracle.com/"/>
    <property name="path.separator" value=";"/>
    <property name="guice.disable.misplaced.annotation.check" value="true"/>
    <property name="java.vm.name" value="Java HotSpot(TM) Client VM"/>
    <property name="file.encoding.pkg" value="sun.io"/>
    <property name="user.script" value=""/>
    <property name="user.country" value="NL"/>
    <property name="sun.java.launcher" value="SUN_STANDARD"/>
    <property name="sun.os.patch.level" value="Service Pack 1"/>
    <property name="java.vm.specification.name" value="Java Virtual Machine Specification"/>
    <property name="user.dir" value="C:\Users\hjanssen\workspace\sqlgraph"/>
    <property name="java.runtime.version" value="1.7.0_17-b02"/>
    <property name="java.awt.graphicsenv" value="sun.awt.Win32GraphicsEnvironment"/>
    <property name="java.endorsed.dirs" value="C:\Program Files (x86)\Java\jdk1.7.0_17\jre\lib\endorsed"/>
    <property name="os.arch" value="x86"/>
    <property name="java.io.tmpdir" value="C:\Users\hjanssen\AppData\Local\Temp\"/>
    <property name="line.separator" value="
"/>
    <property name="java.vm.specification.vendor" value="Oracle Corporation"/>
    <property name="user.variant" value=""/>
    <property name="os.name" value="Windows 7"/>
    <property name="classworlds.conf" value="C:\Program Files (x86)\Apache Software Foundation\apache-maven-3.0.5\bin\m2.conf"/>
    <property name="sun.jnu.encoding" value="Cp1252"/>
    <property name="java.library.path" value="C:\Program Files (x86)\Java\jdk1.7.0_17\bin;C:\windows\Sun\Java\bin;C:\windows\system32;C:\windows;C:\Python27\;C:\Program Files (x86)\PC Connectivity Solution\;C:\Program Files\Common Files\Microsoft Shared\Windows Live;C:\Program Files (x86)\Common Files\Microsoft Shared\Windows Live;C:\windows\system32;C:\windows;C:\windows\System32\Wbem;C:\windows\System32\WindowsPowerShell\v1.0\;C:\Program Files (x86)\Windows Live\Shared;C:\Program Files (x86)\Toshiba\Bluetooth Toshiba Stack\sys\;C:\Program Files (x86)\Toshiba\Bluetooth Toshiba Stack\sys\x64\;C:\Program Files (x86)\Java\jdk1.7.0_17\bin;C:\Program Files (x86)\Apache Software Foundation\apache-maven-3.0.5\bin;c:\Program Files (x86)\Microsoft SQL Server\100\Tools\Binn\;c:\Program Files\Microsoft SQL Server\100\Tools\Binn\;c:\Program Files\Microsoft SQL Server\100\DTS\Binn\;C:\OSGeo4W64\bin;C:\Program Files (x86)\nodejs\;C:\Program Files (x86)\PostgreSQL\9.2\bin;C:\Program Files\OpenVPN\bin;C:\Program Files\MiKTeX 2.9\miktex\bin\x64\;C:\Users\hjanssen\AppData\Roaming\npm;."/>
    <property name="java.specification.name" value="Java Platform API Specification"/>
    <property name="java.class.version" value="51.0"/>
    <property name="sun.management.compiler" value="HotSpot Client Compiler"/>
    <property name="os.version" value="6.1"/>
    <property name="user.home" value="C:\Users\hjanssen"/>
    <property name="user.timezone" value="Europe/Berlin"/>
    <property name="java.awt.printerjob" value="sun.awt.windows.WPrinterJob"/>
    <property name="java.specification.version" value="1.7"/>
    <property name="file.encoding" value="Cp1252"/>
    <property name="user.name" value="hjanssen"/>
    <property name="java.class.path" value="C:\Program Files (x86)\Apache Software Foundation\apache-maven-3.0.5\boot\plexus-classworlds-2.4.jar"/>
    <property name="java.vm.specification.version" value="1.7"/>
    <property name="sun.arch.data.model" value="32"/>
    <property name="java.home" value="C:\Program Files (x86)\Java\jdk1.7.0_17\jre"/>
    <property name="sun.java.command" value="org.codehaus.plexus.classworlds.launcher.Launcher test"/>
    <property name="java.specification.vendor" value="Oracle Corporation"/>
    <property name="user.language" value="nl"/>
    <property name="awt.toolkit" value="sun.awt.windows.WToolkit"/>
    <property name="java.vm.info" value="mixed mode, sharing"/>
    <property name="java.version" value="1.7.0_17"/>
    <property name="java.ext.dirs" value="C:\Program Files (x86)\Java\jdk1.7.0_17\jre\lib\ext;C:\windows\Sun\Java\lib\ext"/>
    <property name="sun.boot.class.path" value="C:\Program Files (x86)\Java\jdk1.7.0_17\jre\lib\resources.jar;C:\Program Files (x86)\Java\jdk1.7.0_17\jre\lib\rt.jar;C:\Program Files (x86)\Java\jdk1.7.0_17\jre\lib\sunrsasign.jar;C:\Program Files (x86)\Java\jdk1.7.0_17\jre\lib\jsse.jar;C:\Program Files (x86)\Java\jdk1.7.0_17\jre\lib\jce.jar;C:\Program Files (x86)\Java\jdk1.7.0_17\jre\lib\charsets.jar;C:\Program Files (x86)\Java\jdk1.7.0_17\jre\lib\jfr.jar;C:\Program Files (x86)\Java\jdk1.7.0_17\jre\classes"/>
    <property name="java.vendor" value="Oracle Corporation"/>
    <property name="maven.home" value="C:\Program Files (x86)\Apache Software Foundation\apache-maven-3.0.5"/>
    <property name="file.separator" value="\"/>
    <property name="java.vendor.url.bug" value="http://bugreport.sun.com/bugreport/"/>
    <property name="sun.cpu.endian" value="little"/>
    <property name="sun.io.unicode.encoding" value="UnicodeLittle"/>
    <property name="sun.desktop" value="windows"/>
    <property name="sun.cpu.isalist" value="pentium_pro+mmx pentium_pro pentium+mmx pentium i486 i386 i86"/>
  </properties>
  <testcase time="0.001" classname="nl.hugojanssen.sqlgraph.model.sql.EClauseTypeTest" name="testValues"/>
  <testcase time="0" classname="nl.hugojanssen.sqlgraph.model.graph.ModelBuilderTest" name="testConstructor"/>
  <testcase time="0" classname="nl.hugojanssen.sqlgraph.SQLParserUtilTest" name="testDirectoryAsSQLFile"/>
  <testcase time="0" classname="nl.hugojanssen.sqlgraph.SQLParserUtilTest" name="testFileDoesNotExists"/>
  <testcase time="0.005" classname="nl.hugojanssen.sqlgraph.SQLParserUtilTest" name="testFileWithNullExtension"/>
  <testcase time="0.001" classname="nl.hugojanssen.sqlgraph.SQLParserUtilTest" name="testFileWithoutExtension"/>
  <testcase time="0" classname="nl.hugojanssen.sqlgraph.SQLParserUtilTest" name="testInvalidSQLFile"/>
  <testcase time="0.001" classname="nl.hugojanssen.sqlgraph.SQLParserUtilTest" name="testNotAnSQLFile"/>
  <testcase time="0" classname="nl.hugojanssen.sqlgraph.SQLParserUtilTest" name="testNullFile"/>
  <testcase time="0" classname="nl.hugojanssen.sqlgraph.model.sql.SQLStatementTest" name="testConstructor"/>
  <testcase time="0" classname="nl.hugojanssen.sqlgraph.model.sql.SQLTableTest" name="testSQLTable"/>
  <testcase time="0" classname="nl.hugojanssen.sqlgraph.model.sql.SQLWorkflowTest" name="testConstructor"/>
  <testcase time="0" classname="nl.hugojanssen.sqlgraph.visitors.TableVisitorCreateTableAsTest" name="testCreateFilmsRecent"/>
  <testcase time="0" classname="nl.hugojanssen.sqlgraph.visitors.TableVisitorCreateTableAsTest" name="testResultSet"/>
  <testcase time="0" classname="nl.hugojanssen.sqlgraph.visitors.TableVisitorCreateTableTest" name="testCreateFilms"/>
  <testcase time="0" classname="nl.hugojanssen.sqlgraph.visitors.TableVisitorCreateTableTest" name="testCreateTableDistributors"/>
  <testcase time="0.001" classname="nl.hugojanssen.sqlgraph.visitors.TableVisitorCreateTableTest" name="testResultSet"/>
  <testcase time="0" classname="nl.hugojanssen.sqlgraph.visitors.TableVisitorInsertTest" name="testInsert1"/>
  <testcase time="0" classname="nl.hugojanssen.sqlgraph.visitors.TableVisitorInsertTest" name="testInsert2"/>
  <testcase time="0" classname="nl.hugojanssen.sqlgraph.visitors.TableVisitorInsertTest" name="testInsert3"/>
  <testcase time="0" classname="nl.hugojanssen.sqlgraph.visitors.TableVisitorInsertTest" name="testInsert4"/>
  <testcase time="0" classname="nl.hugojanssen.sqlgraph.visitors.TableVisitorInsertTest" name="testInsert5"/>
  <testcase time="0" classname="nl.hugojanssen.sqlgraph.visitors.TableVisitorInsertTest" name="testResultSet"/>
  <testcase time="0.001" classname="nl.hugojanssen.sqlgraph.visitors.TableVisitorJoinTest" name="testJoinInWhere"/>
  <testcase time="0" classname="nl.hugojanssen.sqlgraph.visitors.TableVisitorJoinTest" name="testLeftJoin"/>
  <testcase time="0" classname="nl.hugojanssen.sqlgraph.visitors.TableVisitorJoinTest" name="testNestedSubquery"/>
  <testcase time="0" classname="nl.hugojanssen.sqlgraph.visitors.TableVisitorJoinTest" name="testResultSet"/>
  <testcase time="0" classname="nl.hugojanssen.sqlgraph.visitors.TableVisitorJoinTest" name="testSubquery"/>
  <testcase time="0" classname="nl.hugojanssen.sqlgraph.visitors.TableVisitorJoinTest" name="testUnionAll"/>
  <testcase time="0" classname="nl.hugojanssen.sqlgraph.visitors.TableVisitorUpdateTest" name="testReferencedUpdate"/>
  <testcase time="0" classname="nl.hugojanssen.sqlgraph.visitors.TableVisitorUpdateTest" name="testReferencedUpdate2"/>
  <testcase time="0" classname="nl.hugojanssen.sqlgraph.visitors.TableVisitorUpdateTest" name="testReferencedWithWhere"/>
  <testcase time="0" classname="nl.hugojanssen.sqlgraph.visitors.TableVisitorUpdateTest" name="testResultSet"/>
  <testcase time="0" classname="nl.hugojanssen.sqlgraph.visitors.TableVisitorUpdateTest" name="testSimpleUpdate"/>
  <testcase time="0.001" classname="nl.hugojanssen.sqlgraph.model.graph.ModelBuilderTest" name="testNewNode"/>
  <testcase time="0" classname="nl.hugojanssen.sqlgraph.model.sql.SQLStatementTest" name="testSetVisitors"/>
  <testcase time="0.001" classname="nl.hugojanssen.sqlgraph.model.sql.SQLTableTest" name="testEquals"/>
  <testcase time="0" classname="nl.hugojanssen.sqlgraph.model.sql.SQLTableTest" name="testHashCode"/>
  <testcase time="0" classname="nl.hugojanssen.sqlgraph.model.sql.SQLTableTest" name="testToString"/>
  <testcase time="0.001" classname="nl.hugojanssen.sqlgraph.model.sql.SQLTableTest" name="testValidateState"/>
  <testcase time="0.002" classname="nl.hugojanssen.sqlgraph.model.sql.SQLWorkflowTest" name="testAddWorkflowFile"/>
  <testcase time="0.004" classname="nl.hugojanssen.sqlgraph.model.sql.SQLWorkflowTest" name="testAddWorkflowFileNull"/>
  <testcase time="0.017" classname="nl.hugojanssen.sqlgraph.model.graph.ModelBuilderTest" name="testAddNode"/>
  <testcase time="0" classname="nl.hugojanssen.sqlgraph.model.graph.ModelBuilderTest" name="testNodes"/>
  <testcase time="0.001" classname="nl.hugojanssen.sqlgraph.model.sql.SQLStatementTest" name="testVisit"/>
  <testcase time="0" classname="nl.hugojanssen.sqlgraph.model.sql.SQLWorkflowTest" name="testAddVisitor"/>
  <testcase time="0" classname="nl.hugojanssen.sqlgraph.model.graph.ModelBuilderTest" name="testEqualsNode"/>
  <testcase time="0" classname="nl.hugojanssen.sqlgraph.model.graph.ModelBuilderTest" name="testExistsNode"/>
  <testcase time="0" classname="nl.hugojanssen.sqlgraph.model.graph.ModelBuilderTest" name="testGetNodeByName"/>
  <testcase time="0" classname="nl.hugojanssen.sqlgraph.model.graph.ModelBuilderTest" name="testGetNodeIdForName"/>
  <testcase time="0" classname="nl.hugojanssen.sqlgraph.model.graph.ModelBuilderTest" name="testGetNodeName"/>
  <testcase time="0.005" classname="nl.hugojanssen.sqlgraph.model.graph.ModelBuilderTest" name="testNewEdge"/>
  <testcase time="0.064" classname="nl.hugojanssen.sqlgraph.model.sql.SQLWorkflowTest" name="testParse"/>
  <testcase time="0.004" classname="nl.hugojanssen.sqlgraph.model.graph.ModelBuilderTest" name="testAddEdge"/>
  <testcase time="0" classname="nl.hugojanssen.sqlgraph.model.graph.ModelBuilderTest" name="testEqualsEdge"/>
  <testcase time="0.001" classname="nl.hugojanssen.sqlgraph.model.graph.ModelBuilderTest" name="testExistsEdge"/>
  <testcase time="0" classname="nl.hugojanssen.sqlgraph.model.graph.ModelBuilderTest" name="testGetEdgeName"/>
</testsuite>