<?xml version="1.0" encoding="UTF-8"?>
<!-- Generated by org.testng.reporters.JUnitReportReporter -->
<testsuite hostname="VCLPT108" name="nl.hugojanssen.sqlgraph.visitors.TableVisitorJoinTest" tests="6" failures="0" timestamp="18 Jul 2015 06:55:40 GMT" time="0.001" errors="0">
  <testcase name="testNestedSubquery" time="0.000" classname="nl.hugojanssen.sqlgraph.visitors.TableVisitorJoinTest"/>
  <testcase name="testUnionAll" time="0.001" classname="nl.hugojanssen.sqlgraph.visitors.TableVisitorJoinTest"/>
  <testcase name="testResultSet" time="0.000" classname="nl.hugojanssen.sqlgraph.visitors.TableVisitorJoinTest"/>
  <testcase name="testLeftJoin" time="0.000" classname="nl.hugojanssen.sqlgraph.visitors.TableVisitorJoinTest"/>
  <testcase name="testJoinInWhere" time="0.000" classname="nl.hugojanssen.sqlgraph.visitors.TableVisitorJoinTest"/>
  <testcase name="testSubquery" time="0.000" classname="nl.hugojanssen.sqlgraph.visitors.TableVisitorJoinTest"/>
</testsuite> <!-- nl.hugojanssen.sqlgraph.visitors.TableVisitorJoinTest -->
