<?xml version="1.0" encoding="UTF-8"?>
<!-- Generated by org.testng.reporters.JUnitReportReporter -->
<testsuite hostname="VCLPT108" name="nl.hugojanssen.sqlgraph.model.sql.SQLStatementTest" tests="3" failures="0" timestamp="18 Jul 2015 06:55:40 GMT" time="0.002" errors="0">
  <testcase name="testVisit" time="0.000" classname="nl.hugojanssen.sqlgraph.model.sql.SQLStatementTest"/>
  <testcase name="testConstructor" time="0.001" classname="nl.hugojanssen.sqlgraph.model.sql.SQLStatementTest"/>
  <testcase name="testSetVisitors" time="0.001" classname="nl.hugojanssen.sqlgraph.model.sql.SQLStatementTest"/>
</testsuite> <!-- nl.hugojanssen.sqlgraph.model.sql.SQLStatementTest -->
