<?xml version="1.0" encoding="UTF-8"?>
<!-- Generated by org.testng.reporters.JUnitReportReporter -->
<testsuite hostname="VCLPT108" name="nl.hugojanssen.sqlgraph.model.graph.ModelBuilderTest" tests="14" failures="0" timestamp="18 Jul 2015 06:55:40 GMT" time="0.023" errors="0">
  <testcase name="testNewNode" time="0.002" classname="nl.hugojanssen.sqlgraph.model.graph.ModelBuilderTest"/>
  <testcase name="testAddEdge" time="0.005" classname="nl.hugojanssen.sqlgraph.model.graph.ModelBuilderTest"/>
  <testcase name="testExistsEdge" time="0.001" classname="nl.hugojanssen.sqlgraph.model.graph.ModelBuilderTest"/>
  <testcase name="testNodes" time="0.002" classname="nl.hugojanssen.sqlgraph.model.graph.ModelBuilderTest"/>
  <testcase name="testGetNodeName" time="0.000" classname="nl.hugojanssen.sqlgraph.model.graph.ModelBuilderTest"/>
  <testcase name="testGetNodeIdForName" time="0.000" classname="nl.hugojanssen.sqlgraph.model.graph.ModelBuilderTest"/>
  <testcase name="testAddNode" time="0.005" classname="nl.hugojanssen.sqlgraph.model.graph.ModelBuilderTest"/>
  <testcase name="testGetEdgeName" time="0.001" classname="nl.hugojanssen.sqlgraph.model.graph.ModelBuilderTest"/>
  <testcase name="testNewEdge" time="0.003" classname="nl.hugojanssen.sqlgraph.model.graph.ModelBuilderTest"/>
  <testcase name="testGetNodeByName" time="0.001" classname="nl.hugojanssen.sqlgraph.model.graph.ModelBuilderTest"/>
  <testcase name="testExistsNode" time="0.001" classname="nl.hugojanssen.sqlgraph.model.graph.ModelBuilderTest"/>
  <testcase name="testEqualsNode" time="0.001" classname="nl.hugojanssen.sqlgraph.model.graph.ModelBuilderTest"/>
  <testcase name="testEqualsEdge" time="0.001" classname="nl.hugojanssen.sqlgraph.model.graph.ModelBuilderTest"/>
  <testcase name="testConstructor" time="0.000" classname="nl.hugojanssen.sqlgraph.model.graph.ModelBuilderTest"/>
</testsuite> <!-- nl.hugojanssen.sqlgraph.model.graph.ModelBuilderTest -->
