<?xml version="1.0" encoding="UTF-8"?>
<!-- Generated by org.testng.reporters.JUnitReportReporter -->
<testsuite hostname="VCLPT108" name="nl.hugojanssen.sqlgraph.visitors.TableVisitorInsertTest" tests="6" failures="0" timestamp="18 Jul 2015 06:55:40 GMT" time="0.002" errors="0">
  <testcase name="testInsert2" time="0.001" classname="nl.hugojanssen.sqlgraph.visitors.TableVisitorInsertTest"/>
  <testcase name="testInsert3" time="0.001" classname="nl.hugojanssen.sqlgraph.visitors.TableVisitorInsertTest"/>
  <testcase name="testInsert5" time="0.000" classname="nl.hugojanssen.sqlgraph.visitors.TableVisitorInsertTest"/>
  <testcase name="testResultSet" time="0.000" classname="nl.hugojanssen.sqlgraph.visitors.TableVisitorInsertTest"/>
  <testcase name="testInsert1" time="0.000" classname="nl.hugojanssen.sqlgraph.visitors.TableVisitorInsertTest"/>
  <testcase name="testInsert4" time="0.000" classname="nl.hugojanssen.sqlgraph.visitors.TableVisitorInsertTest"/>
</testsuite> <!-- nl.hugojanssen.sqlgraph.visitors.TableVisitorInsertTest -->
