<?xml version="1.0" encoding="UTF-8"?>
<!-- Generated by org.testng.reporters.JUnitReportReporter -->
<testsuite hostname="VCLPT108" name="nl.hugojanssen.sqlgraph.model.sql.EClauseTypeTest" tests="1" failures="0" timestamp="18 Jul 2015 06:55:40 GMT" time="0.000" errors="0">
  <testcase name="testValues" time="0.000" classname="nl.hugojanssen.sqlgraph.model.sql.EClauseTypeTest"/>
</testsuite> <!-- nl.hugojanssen.sqlgraph.model.sql.EClauseTypeTest -->
