<?xml version="1.0" encoding="UTF-8"?>
<!-- Generated by org.testng.reporters.JUnitReportReporter -->
<testsuite hostname="VCLPT108" name="nl.hugojanssen.sqlgraph.visitors.TableVisitorUpdateTest" tests="5" failures="0" timestamp="18 Jul 2015 06:55:40 GMT" time="0.002" errors="0">
  <testcase name="testReferencedUpdate2" time="0.000" classname="nl.hugojanssen.sqlgraph.visitors.TableVisitorUpdateTest"/>
  <testcase name="testReferencedWithWhere" time="0.000" classname="nl.hugojanssen.sqlgraph.visitors.TableVisitorUpdateTest"/>
  <testcase name="testSimpleUpdate" time="0.001" classname="nl.hugojanssen.sqlgraph.visitors.TableVisitorUpdateTest"/>
  <testcase name="testReferencedUpdate" time="0.000" classname="nl.hugojanssen.sqlgraph.visitors.TableVisitorUpdateTest"/>
  <testcase name="testResultSet" time="0.001" classname="nl.hugojanssen.sqlgraph.visitors.TableVisitorUpdateTest"/>
</testsuite> <!-- nl.hugojanssen.sqlgraph.visitors.TableVisitorUpdateTest -->
