<?xml version="1.0" encoding="UTF-8"?>
<!-- Generated by org.testng.reporters.JUnitReportReporter -->
<testsuite hostname="VCLPT108" name="nl.hugojanssen.sqlgraph.model.sql.SQLTableTest" tests="5" failures="0" timestamp="18 Jul 2015 06:55:40 GMT" time="0.004" errors="0">
  <testcase name="testEquals" time="0.002" classname="nl.hugojanssen.sqlgraph.model.sql.SQLTableTest"/>
  <testcase name="testToString" time="0.000" classname="nl.hugojanssen.sqlgraph.model.sql.SQLTableTest"/>
  <testcase name="testValidateState" time="0.000" classname="nl.hugojanssen.sqlgraph.model.sql.SQLTableTest"/>
  <testcase name="testSQLTable" time="0.001" classname="nl.hugojanssen.sqlgraph.model.sql.SQLTableTest"/>
  <testcase name="testHashCode" time="0.001" classname="nl.hugojanssen.sqlgraph.model.sql.SQLTableTest"/>
</testsuite> <!-- nl.hugojanssen.sqlgraph.model.sql.SQLTableTest -->
