<?xml version="1.0" encoding="UTF-8"?>
<!-- Generated by org.testng.reporters.JUnitReportReporter -->
<testsuite hostname="VCLPT108" name="nl.hugojanssen.sqlgraph.SQLParserUtilTest" tests="7" failures="0" timestamp="18 Jul 2015 06:54:20 GMT" time="0.005" errors="0">
  <testcase name="testFileWithoutExtension" time="0.000" classname="nl.hugojanssen.sqlgraph.SQLParserUtilTest"/>
  <testcase name="testInvalidSQLFile" time="0.000" classname="nl.hugojanssen.sqlgraph.SQLParserUtilTest"/>
  <testcase name="testFileDoesNotExists" time="0.000" classname="nl.hugojanssen.sqlgraph.SQLParserUtilTest"/>
  <testcase name="testNullFile" time="0.000" classname="nl.hugojanssen.sqlgraph.SQLParserUtilTest"/>
  <testcase name="testNotAnSQLFile" time="0.000" classname="nl.hugojanssen.sqlgraph.SQLParserUtilTest"/>
  <testcase name="testFileWithNullExtension" time="0.005" classname="nl.hugojanssen.sqlgraph.SQLParserUtilTest"/>
  <testcase name="testDirectoryAsSQLFile" time="0.000" classname="nl.hugojanssen.sqlgraph.SQLParserUtilTest"/>
</testsuite> <!-- nl.hugojanssen.sqlgraph.SQLParserUtilTest -->
