<?xml version="1.0" encoding="UTF-8"?>
<!-- Generated by org.testng.reporters.JUnitReportReporter -->
<testsuite hostname="VCLPT108" name="nl.hugojanssen.sqlgraph.visitors.TableVisitorCreateTableTest" tests="3" failures="0" timestamp="18 Jul 2015 06:54:20 GMT" time="0.000" errors="0">
  <testcase name="testCreateFilms" time="0.000" classname="nl.hugojanssen.sqlgraph.visitors.TableVisitorCreateTableTest"/>
  <testcase name="testCreateTableDistributors" time="0.000" classname="nl.hugojanssen.sqlgraph.visitors.TableVisitorCreateTableTest"/>
  <testcase name="testResultSet" time="0.000" classname="nl.hugojanssen.sqlgraph.visitors.TableVisitorCreateTableTest"/>
</testsuite> <!-- nl.hugojanssen.sqlgraph.visitors.TableVisitorCreateTableTest -->
