<?xml version="1.0" encoding="UTF-8"?>
<!-- Generated by org.testng.reporters.JUnitReportReporter -->
<testsuite hostname="VCLPT108" name="nl.hugojanssen.sqlgraph.visitors.TableVisitorCreateTableAsTest" tests="2" failures="0" timestamp="18 Jul 2015 06:54:20 GMT" time="0.002" errors="0">
  <testcase name="testCreateFilmsRecent" time="0.001" classname="nl.hugojanssen.sqlgraph.visitors.TableVisitorCreateTableAsTest"/>
  <testcase name="testResultSet" time="0.001" classname="nl.hugojanssen.sqlgraph.visitors.TableVisitorCreateTableAsTest"/>
</testsuite> <!-- nl.hugojanssen.sqlgraph.visitors.TableVisitorCreateTableAsTest -->
