<?xml version="1.0" encoding="UTF-8"?>
<!-- Generated by org.testng.reporters.JUnitReportReporter -->
<testsuite hostname="VCLPT108" name="nl.hugojanssen.sqlgraph.model.sql.SQLWorkflowTest" tests="5" failures="0" timestamp="18 Jul 2015 06:54:20 GMT" time="0.069" errors="0">
  <testcase name="testAddVisitor" time="0.002" classname="nl.hugojanssen.sqlgraph.model.sql.SQLWorkflowTest"/>
  <testcase name="testAddWorkflowFileNull" time="0.000" classname="nl.hugojanssen.sqlgraph.model.sql.SQLWorkflowTest"/>
  <testcase name="testAddWorkflowFile" time="0.002" classname="nl.hugojanssen.sqlgraph.model.sql.SQLWorkflowTest"/>
  <testcase name="testParse" time="0.065" classname="nl.hugojanssen.sqlgraph.model.sql.SQLWorkflowTest"/>
  <testcase name="testConstructor" time="0.000" classname="nl.hugojanssen.sqlgraph.model.sql.SQLWorkflowTest"/>
</testsuite> <!-- nl.hugojanssen.sqlgraph.model.sql.SQLWorkflowTest -->
